Start testing: Aug 07 11:41 UTC
----------------------------------------------------------
1/4 Testing: test_Mesh_OptionParserVCMesh_help
1/4 Test: test_Mesh_OptionParserVCMesh_help
Command: "/home/yiming/research/vorocrust-meshing/build/tests/test_Mesh_OptionParserVCMesh" "-h"
Directory: /home/yiming/research/vorocrust-meshing/build/src/Meshing/tests
"test_Mesh_OptionParserVCMesh_help" start time: Aug 07 11:41 UTC
Output:
----------------------------------------------------------
- -h
Done.
<end of output>
Test time =   0.00 sec
----------------------------------------------------------
Test Passed.
"test_Mesh_OptionParserVCMesh_help" end time: Aug 07 11:41 UTC
"test_Mesh_OptionParserVCMesh_help" time elapsed: 00:00:00
----------------------------------------------------------

2/4 Testing: test_Mesh_OptionParserVCMesh_vc
2/4 Test: test_Mesh_OptionParserVCMesh_vc
Command: "/home/yiming/research/vorocrust-meshing/build/tests/test_Mesh_OptionParserVCMesh" "-vc" "vc.in"
Directory: /home/yiming/research/vorocrust-meshing/build/src/Meshing/tests
"test_Mesh_OptionParserVCMesh_vc" start time: Aug 07 11:41 UTC
Output:
----------------------------------------------------------
- -vc
- vc.in
Done.
<end of output>
Test time =   0.00 sec
----------------------------------------------------------
Test Passed.
"test_Mesh_OptionParserVCMesh_vc" end time: Aug 07 11:41 UTC
"test_Mesh_OptionParserVCMesh_vc" time elapsed: 00:00:00
----------------------------------------------------------

3/4 Testing: Leaf
3/4 Test: Leaf
Command: "/home/yiming/research/vorocrust-meshing/build/vc_mesh" "-vc" "vc.in"
Directory: /home/yiming/research/vorocrust-meshing/build/tests/Leaf
"Leaf" start time: Aug 07 11:41 UTC
Output:
----------------------------------------------------------
***********************************************************
*                                                         *
*  Program    : VoroCrust                                 *
*  Version    : Development Branch                        *
*  Git SHA1   : UNKNOWN                                   *
*  Commit Date: UNKNOWN                                   *
*  Run Date   : 2025-08-07 11:41:34 +0000                 *
*  Website    : https://vorocrust.sandia.gov              *
*                                                         *
***********************************************************
MeshingVoroCrust::Input Data:
  * Input Mesh = non_manifold_box.obj
    Minimum Sphere Radius = 0
    Maximum Sphere Radius = 20
    Lipschitz Const = 0.25
    VC Smooth Angle Threshold = 80
    A clean input model 
    Number of OpenMP threads = 1
VoroCrust::Reading obj file:
  * Number of Input mesh points = 0
  * Number of Input mesh faces = 0
VoroCrust::Initiating VoroCrust Sampler .. 
  * VoroCrust is using 1 / 128 available threads!
VoroCrust::Feature Detection and Point Clouds Generation (Clean Input):
  * Number of Sharp Corners = 0
  * Number of Sharp Edges = 0
<end of output>
Test time =   1.16 sec
----------------------------------------------------------
Test Failed.
"Leaf" end time: Aug 07 11:41 UTC
"Leaf" time elapsed: 00:00:01
----------------------------------------------------------

4/4 Testing: OneBox_monitoring_points
4/4 Test: OneBox_monitoring_points
Command: "/home/yiming/research/vorocrust-meshing/build/tests/OneBox_monitoring_points/run_series.sh"
Directory: /home/yiming/research/vorocrust-meshing/build/tests/OneBox_monitoring_points
"OneBox_monitoring_points" start time: Aug 07 11:41 UTC
Output:
----------------------------------------------------------
***********************************************************
*                                                         *
*  Program    : VoroCrust                                 *
*  Version    : Development Branch                        *
*  Git SHA1   : UNKNOWN                                   *
*  Commit Date: UNKNOWN                                   *
*  Run Date   : 2025-08-07 11:41:35 +0000                 *
*  Website    : https://vorocrust.sandia.gov              *
*                                                         *
***********************************************************
MeshingVoroCrust::Input Data:
  * Input Mesh = OneBox.obj
    Minimum Sphere Radius = 0
    Maximum Sphere Radius = 10000
    Lipschitz Const = 0.25
    VC Smooth Angle Threshold = 60
    A clean input model 
    Number of OpenMP threads = 1
    Generate VCG file!
    Impose Monitoring Points!
VoroCrust::Reading obj file:
  * Number of Input mesh points = 8
  * Number of Input mesh faces = 12
VoroCrust::Initiating VoroCrust Sampler .. 
  * VoroCrust is using 1 / 128 available threads!
VoroCrust::Feature Detection and Point Clouds Generation (Clean Input):
  * Number of Sharp Corners = 8
  * Number of Sharp Edges = 12
  * executed in 1.99925 seconds!
VoroCrust::Generating Corner Spheres:
  * Number of Spheres = 8
  * Minimum Corner Sphere Radius = 0.4
  * Maximum Corner Sphere Radius = 0.4
  * Corner spheres are saved corner_spheres.csv
  * executed in 1.21515 seconds!
VoroCrust::Generating Edge Spheres:
  * Number of Spheres = (8, 16)
  * Minimum Edge Sphere Radius = 0.160003
  * Maximum Edge Sphere Radius = 0.194243
  * Edge spheres are saved edges_spheres.csv
  * executed in 0.563163 seconds!
VoroCrust::Generating Surface Spheres:
  * Number of Spheres = (8, 16, 254)
  * No sliver spheres were detected!
  * Min. relative distance between upper seeds = 0.00479486
  * Min. relative distance between lower seeds = 0.00479486
  * Min. relative distance between lower and upper seeds = 0.655753
  * shrinking spheres to eliminate too close seeds!
  * Number of Spheres = (8, 16, 255)
  * No sliver spheres were detected!
  * Min. relative distance between upper seeds = 0.00320333
  * Min. relative distance between lower seeds = 0.00320333
  * Min. relative distance between lower and upper seeds = 0.655753
  * shrinking spheres to eliminate too close seeds!
  * Number of Spheres = (8, 16, 255)
  * No sliver spheres were detected!
  * Min. relative distance between upper seeds = 0.0108795
  * Min. relative distance between lower seeds = 0.0108795
  * Min. relative distance between lower and upper seeds = 0.655753
  * Correctness of VoroCrust surface has been verified!
  * Surface Mesh is saved in surface_mesh.obj!
  * Minimum Surface Sphere Radius = 0.0339117
  * Maximum Surface Sphere Radius = 0.131361
  * Surface spheres are saved surface_spheres.csv
  * executed in 6.17236 seconds!
    -> MPS Time = 6.11879 seconds!
       -> Pool Sampling Time = 5.87489 seconds!
          -> Sizing Time = 5.8095 seconds!
       -> Pool Refinement Time = 0.243123 seconds!
    -> Lip Time = 0.006551 seconds!
    -> Sliver Time = 0.038747 seconds!
VoroCrust::Coloring Surface Seeds:
  * Number of subregions is 1
  * executed in 0.002156 seconds!
MeshingVoroCrust::Ensuring Sharp Feature Spheres are Delaunay:
  * Number of added seeds 0
  * executed in 0.00502023 seconds!
MeshingVoroCrust::Imposing Monitoring Points:
  * Number of seeds 1108
  * Number of seeds to impose 5
  * Number of imposed seeds 5
  * added 5 / 5 desired imposed points!
  * executed in 0.00408157 seconds!
MeshingVoroCrust::Generating Interior Seeds:
  * Number of seeds 1113
  * Number of seeds 1278
  * Number of iterations = 133
  * Deactivation time = 0.00271173
  * Spoke throwing time = 0.0326118
  * Lipschitz time = 0.00611465
  * Seed update time = 0
MeshingVoroCrust::Retrieving closest seeds to Monitoring Points:
  * Updated monitoring points are saved in monitoring_points_closest_seeds.csv
  * executed in 0.0496718 seconds!
  * All seeds are stored in seeds.csv, saved in 0.0550051 seconds!
  * Number of added seeds 170
  * executed in 0.0550243 seconds!
MeshingVoroCrust::Generating Explicit Voronoi Mesh:
  * Number of surface seeds patches =  2
  * Number of volumetric regions =  1
  * Number of seeds =  1278
  * Number of meshed cells =  724
  * executed in 0.271945 seconds!

VoroCrust::Saving VoroCrust Geomerty (.vcg) file:
  * Total Volume = 1
    Minimum cell volume = 6.28701e-05
    Maximum cell volume = 0.00837086
    Average cell volume = 0.00138122
  * Total Number of connections = 8332
    Minimum cell connections = 4
    Maximum cell connections = 32
    Average cell connections = 11

*** MeshingVoroCrust::Mission Accomplished in 9.46058 seconds! ***
<end of output>
Test time =   9.53 sec
----------------------------------------------------------
Test Passed.
"OneBox_monitoring_points" end time: Aug 07 11:41 UTC
"OneBox_monitoring_points" time elapsed: 00:00:09
----------------------------------------------------------

End testing: Aug 07 11:41 UTC
